<?xml version="1.0" encoding="UTF-8"?>
<!-- Generated by org.testng.reporters.JUnitReportReporter -->
<testsuite hostname="DESKTOP-R1QQ21G" failures="0" tests="2" name="qaclickacademy.Mavenjava.AppTest" time="0.007" errors="0" timestamp="2021-12-01T13:57:21 IST" skipped="0">
  <testcase classname="qaclickacademy.Mavenjava.AppTest" name="Lion" time="0.007"/>
  <system-out/>
  <testcase classname="qaclickacademy.Mavenjava.AppTest" name="shouldAnswerWithTrue" time="0.000"/>
  <system-out/>
</testsuite> <!-- qaclickacademy.Mavenjava.AppTest -->
